[2025-01-06 20:04:24.460] [info] Loaded model Pose2Sim_scaled from file C:/Users/5W555A/Desktop/GRF/test data/Demo_SinglePerson_0-100_filt_butterworth.osim
[2025-01-06 20:04:24.461] [warning] Couldn't find file 'r_pelvis.vtp'.
[2025-01-06 20:04:24.461] [warning] Couldn't find file 'l_pelvis.vtp'.
[2025-01-06 20:04:24.462] [warning] Couldn't find file 'sacrum.vtp'.
[2025-01-06 20:04:24.462] [warning] Couldn't find file 'femur_r.vtp'.
[2025-01-06 20:04:24.462] [warning] Couldn't find file 'r_patella.vtp'.
[2025-01-06 20:04:24.462] [warning] Couldn't find file 'tibia_r.vtp'.
[2025-01-06 20:04:24.463] [warning] Couldn't find file 'fibula_r.vtp'.
[2025-01-06 20:04:24.463] [warning] Couldn't find file 'talus_rv.vtp'.
[2025-01-06 20:04:24.463] [warning] Couldn't find file 'foot.vtp'.
[2025-01-06 20:04:24.463] [warning] Couldn't find file 'bofoot.vtp'.
[2025-01-06 20:04:24.464] [warning] Couldn't find file 'femur_l.vtp'.
[2025-01-06 20:04:24.464] [warning] Couldn't find file 'l_patella.vtp'.
[2025-01-06 20:04:24.464] [warning] Couldn't find file 'tibia_l.vtp'.
[2025-01-06 20:04:24.464] [warning] Couldn't find file 'fibula_l.vtp'.
[2025-01-06 20:04:24.464] [warning] Couldn't find file 'talus_lv.vtp'.
[2025-01-06 20:04:24.464] [warning] Couldn't find file 'l_foot.vtp'.
[2025-01-06 20:04:24.465] [warning] Couldn't find file 'l_bofoot.vtp'.
[2025-01-06 20:04:24.465] [warning] Couldn't find file 'lumbar5.vtp'.
[2025-01-06 20:04:24.465] [warning] Couldn't find file 'lumbar4.vtp'.
[2025-01-06 20:04:24.465] [warning] Couldn't find file 'lumbar3.vtp'.
[2025-01-06 20:04:24.465] [warning] Couldn't find file 'lumbar2.vtp'.
[2025-01-06 20:04:24.466] [warning] Couldn't find file 'lumbar1.vtp'.
[2025-01-06 20:04:24.466] [warning] Couldn't find file 'cerv1sm.vtp'.
[2025-01-06 20:04:24.466] [warning] Couldn't find file 'cerv2sm.vtp'.
[2025-01-06 20:04:24.466] [warning] Couldn't find file 'cerv3sm.vtp'.
[2025-01-06 20:04:24.467] [warning] Couldn't find file 'cerv4sm.vtp'.
[2025-01-06 20:04:24.467] [warning] Couldn't find file 'cerv5sm.vtp'.
[2025-01-06 20:04:24.467] [warning] Couldn't find file 'cerv6sm.vtp'.
[2025-01-06 20:04:24.467] [warning] Couldn't find file 'cerv7.vtp'.
[2025-01-06 20:04:24.467] [warning] Couldn't find file 'thoracic12_s.vtp'.
[2025-01-06 20:04:24.468] [warning] Couldn't find file 'thoracic11_s.vtp'.
[2025-01-06 20:04:24.468] [warning] Couldn't find file 'thoracic10_s.vtp'.
[2025-01-06 20:04:24.468] [warning] Couldn't find file 'thoracic9_s.vtp'.
[2025-01-06 20:04:24.468] [warning] Couldn't find file 'thoracic8_s.vtp'.
[2025-01-06 20:04:24.469] [warning] Couldn't find file 'thoracic7_s.vtp'.
[2025-01-06 20:04:24.469] [warning] Couldn't find file 'thoracic6_s.vtp'.
[2025-01-06 20:04:24.469] [warning] Couldn't find file 'thoracic5_s.vtp'.
[2025-01-06 20:04:24.469] [warning] Couldn't find file 'thoracic4_s.vtp'.
[2025-01-06 20:04:24.469] [warning] Couldn't find file 'thoracic3_s.vtp'.
[2025-01-06 20:04:24.470] [warning] Couldn't find file 'thoracic2_s.vtp'.
[2025-01-06 20:04:24.470] [warning] Couldn't find file 'thoracic1_s.vtp'.
[2025-01-06 20:04:24.470] [warning] Couldn't find file 'hat_ribs_scap.vtp'.
[2025-01-06 20:04:24.470] [warning] Couldn't find file 'hat_jaw.vtp'.
[2025-01-06 20:04:24.470] [warning] Couldn't find file 'hat_skull.vtp'.
[2025-01-06 20:04:24.471] [warning] Couldn't find file 'humerus_rv.vtp'.
[2025-01-06 20:04:24.471] [warning] Couldn't find file 'ulna_rv.vtp'.
[2025-01-06 20:04:24.471] [warning] Couldn't find file 'radius_rv.vtp'.
[2025-01-06 20:04:24.471] [warning] Couldn't find file 'pisiform_rvs.vtp'.
[2025-01-06 20:04:24.471] [warning] Couldn't find file 'lunate_rvs.vtp'.
[2025-01-06 20:04:24.472] [warning] Couldn't find file 'scaphoid_rvs.vtp'.
[2025-01-06 20:04:24.472] [warning] Couldn't find file 'triquetrum_rvs.vtp'.
[2025-01-06 20:04:24.472] [warning] Couldn't find file 'hamate_rvs.vtp'.
[2025-01-06 20:04:24.472] [warning] Couldn't find file 'capitate_rvs.vtp'.
[2025-01-06 20:04:24.472] [warning] Couldn't find file 'trapezoid_rvs.vtp'.
[2025-01-06 20:04:24.473] [warning] Couldn't find file 'trapezium_rvs.vtp'.
[2025-01-06 20:04:24.473] [warning] Couldn't find file 'metacarpal2_rvs.vtp'.
[2025-01-06 20:04:24.473] [warning] Couldn't find file 'index_proximal_rvs.vtp'.
[2025-01-06 20:04:24.473] [warning] Couldn't find file 'index_medial_rvs.vtp'.
[2025-01-06 20:04:24.473] [warning] Couldn't find file 'index_distal_rvs.vtp'.
[2025-01-06 20:04:24.474] [warning] Couldn't find file 'metacarpal3_rvs.vtp'.
[2025-01-06 20:04:24.474] [warning] Couldn't find file 'middle_proximal_rvs.vtp'.
[2025-01-06 20:04:24.474] [warning] Couldn't find file 'middle_medial_rvs.vtp'.
[2025-01-06 20:04:24.474] [warning] Couldn't find file 'middle_distal_rvs.vtp'.
[2025-01-06 20:04:24.475] [warning] Couldn't find file 'metacarpal4_rvs.vtp'.
[2025-01-06 20:04:24.475] [warning] Couldn't find file 'ring_proximal_rvs.vtp'.
[2025-01-06 20:04:24.475] [warning] Couldn't find file 'ring_medial_rvs.vtp'.
[2025-01-06 20:04:24.475] [warning] Couldn't find file 'ring_distal_rvs.vtp'.
[2025-01-06 20:04:24.475] [warning] Couldn't find file 'metacarpal5_rvs.vtp'.
[2025-01-06 20:04:24.476] [warning] Couldn't find file 'little_proximal_rvs.vtp'.
[2025-01-06 20:04:24.476] [warning] Couldn't find file 'little_medial_rvs.vtp'.
[2025-01-06 20:04:24.476] [warning] Couldn't find file 'little_distal_rvs.vtp'.
[2025-01-06 20:04:24.476] [warning] Couldn't find file 'metacarpal1_rvs.vtp'.
[2025-01-06 20:04:24.476] [warning] Couldn't find file 'thumb_proximal_rvs.vtp'.
[2025-01-06 20:04:24.476] [warning] Couldn't find file 'thumb_distal_rvs.vtp'.
[2025-01-06 20:04:24.477] [warning] Couldn't find file 'humerus_lv.vtp'.
[2025-01-06 20:04:24.477] [warning] Couldn't find file 'ulna_lv.vtp'.
[2025-01-06 20:04:24.477] [warning] Couldn't find file 'radius_lv.vtp'.
[2025-01-06 20:04:24.477] [warning] Couldn't find file 'pisiform_lvs.vtp'.
[2025-01-06 20:04:24.477] [warning] Couldn't find file 'lunate_lvs.vtp'.
[2025-01-06 20:04:24.477] [warning] Couldn't find file 'scaphoid_lvs.vtp'.
[2025-01-06 20:04:24.478] [warning] Couldn't find file 'triquetrum_lvs.vtp'.
[2025-01-06 20:04:24.478] [warning] Couldn't find file 'hamate_lvs.vtp'.
[2025-01-06 20:04:24.478] [warning] Couldn't find file 'capitate_lvs.vtp'.
[2025-01-06 20:04:24.478] [warning] Couldn't find file 'trapezoid_lvs.vtp'.
[2025-01-06 20:04:24.478] [warning] Couldn't find file 'trapezium_lvs.vtp'.
[2025-01-06 20:04:24.479] [warning] Couldn't find file 'metacarpal2_lvs.vtp'.
[2025-01-06 20:04:24.479] [warning] Couldn't find file 'index_proximal_lvs.vtp'.
[2025-01-06 20:04:24.479] [warning] Couldn't find file 'index_medial_lvs.vtp'.
[2025-01-06 20:04:24.479] [warning] Couldn't find file 'index_distal_lvs.vtp'.
[2025-01-06 20:04:24.479] [warning] Couldn't find file 'metacarpal3_lvs.vtp'.
[2025-01-06 20:04:24.480] [warning] Couldn't find file 'middle_proximal_lvs.vtp'.
[2025-01-06 20:04:24.480] [warning] Couldn't find file 'middle_medial_lvs.vtp'.
[2025-01-06 20:04:24.480] [warning] Couldn't find file 'middle_distal_lvs.vtp'.
[2025-01-06 20:04:24.480] [warning] Couldn't find file 'metacarpal4_lvs.vtp'.
[2025-01-06 20:04:24.480] [warning] Couldn't find file 'ring_proximal_lvs.vtp'.
[2025-01-06 20:04:24.481] [warning] Couldn't find file 'ring_medial_lvs.vtp'.
[2025-01-06 20:04:24.481] [warning] Couldn't find file 'ring_distal_lvs.vtp'.
[2025-01-06 20:04:24.481] [warning] Couldn't find file 'metacarpal5_lvs.vtp'.
[2025-01-06 20:04:24.481] [warning] Couldn't find file 'little_proximal_lvs.vtp'.
[2025-01-06 20:04:24.482] [warning] Couldn't find file 'little_medial_lvs.vtp'.
[2025-01-06 20:04:24.482] [warning] Couldn't find file 'little_distal_lvs.vtp'.
[2025-01-06 20:04:24.482] [warning] Couldn't find file 'metacarpal1_lvs.vtp'.
[2025-01-06 20:04:24.482] [warning] Couldn't find file 'thumb_proximal_lvs.vtp'.
[2025-01-06 20:04:24.482] [warning] Couldn't find file 'thumb_distal_lvs.vtp'.
[2025-01-06 20:04:26.152] [info] Loaded model Pose2Sim_scaled from file C:/Users/5W555A/Desktop/GRF/test data/Demo_SinglePerson_0-100_filt_butterworth.osim
[2025-01-06 20:04:26.153] [warning] Couldn't find file 'r_pelvis.vtp'.
[2025-01-06 20:04:26.153] [warning] Couldn't find file 'l_pelvis.vtp'.
[2025-01-06 20:04:26.154] [warning] Couldn't find file 'sacrum.vtp'.
[2025-01-06 20:04:26.154] [warning] Couldn't find file 'femur_r.vtp'.
[2025-01-06 20:04:26.154] [warning] Couldn't find file 'r_patella.vtp'.
[2025-01-06 20:04:26.155] [warning] Couldn't find file 'tibia_r.vtp'.
[2025-01-06 20:04:26.155] [warning] Couldn't find file 'fibula_r.vtp'.
[2025-01-06 20:04:26.155] [warning] Couldn't find file 'talus_rv.vtp'.
[2025-01-06 20:04:26.155] [warning] Couldn't find file 'foot.vtp'.
[2025-01-06 20:04:26.156] [warning] Couldn't find file 'bofoot.vtp'.
[2025-01-06 20:04:26.156] [warning] Couldn't find file 'femur_l.vtp'.
[2025-01-06 20:04:26.156] [warning] Couldn't find file 'l_patella.vtp'.
[2025-01-06 20:04:26.156] [warning] Couldn't find file 'tibia_l.vtp'.
[2025-01-06 20:04:26.156] [warning] Couldn't find file 'fibula_l.vtp'.
[2025-01-06 20:04:26.157] [warning] Couldn't find file 'talus_lv.vtp'.
[2025-01-06 20:04:26.157] [warning] Couldn't find file 'l_foot.vtp'.
[2025-01-06 20:04:26.157] [warning] Couldn't find file 'l_bofoot.vtp'.
[2025-01-06 20:04:26.157] [warning] Couldn't find file 'lumbar5.vtp'.
[2025-01-06 20:04:26.158] [warning] Couldn't find file 'lumbar4.vtp'.
[2025-01-06 20:04:26.158] [warning] Couldn't find file 'lumbar3.vtp'.
[2025-01-06 20:04:26.158] [warning] Couldn't find file 'lumbar2.vtp'.
[2025-01-06 20:04:26.158] [warning] Couldn't find file 'lumbar1.vtp'.
[2025-01-06 20:04:26.158] [warning] Couldn't find file 'cerv1sm.vtp'.
[2025-01-06 20:04:26.159] [warning] Couldn't find file 'cerv2sm.vtp'.
[2025-01-06 20:04:26.159] [warning] Couldn't find file 'cerv3sm.vtp'.
[2025-01-06 20:04:26.159] [warning] Couldn't find file 'cerv4sm.vtp'.
[2025-01-06 20:04:26.159] [warning] Couldn't find file 'cerv5sm.vtp'.
[2025-01-06 20:04:26.160] [warning] Couldn't find file 'cerv6sm.vtp'.
[2025-01-06 20:04:26.160] [warning] Couldn't find file 'cerv7.vtp'.
[2025-01-06 20:04:26.160] [warning] Couldn't find file 'thoracic12_s.vtp'.
[2025-01-06 20:04:26.160] [warning] Couldn't find file 'thoracic11_s.vtp'.
[2025-01-06 20:04:26.160] [warning] Couldn't find file 'thoracic10_s.vtp'.
[2025-01-06 20:04:26.161] [warning] Couldn't find file 'thoracic9_s.vtp'.
[2025-01-06 20:04:26.161] [warning] Couldn't find file 'thoracic8_s.vtp'.
[2025-01-06 20:04:26.161] [warning] Couldn't find file 'thoracic7_s.vtp'.
[2025-01-06 20:04:26.161] [warning] Couldn't find file 'thoracic6_s.vtp'.
[2025-01-06 20:04:26.161] [warning] Couldn't find file 'thoracic5_s.vtp'.
[2025-01-06 20:04:26.162] [warning] Couldn't find file 'thoracic4_s.vtp'.
[2025-01-06 20:04:26.162] [warning] Couldn't find file 'thoracic3_s.vtp'.
[2025-01-06 20:04:26.162] [warning] Couldn't find file 'thoracic2_s.vtp'.
[2025-01-06 20:04:26.162] [warning] Couldn't find file 'thoracic1_s.vtp'.
[2025-01-06 20:04:26.163] [warning] Couldn't find file 'hat_ribs_scap.vtp'.
[2025-01-06 20:04:26.163] [warning] Couldn't find file 'hat_jaw.vtp'.
[2025-01-06 20:04:26.163] [warning] Couldn't find file 'hat_skull.vtp'.
[2025-01-06 20:04:26.163] [warning] Couldn't find file 'humerus_rv.vtp'.
[2025-01-06 20:04:26.164] [warning] Couldn't find file 'ulna_rv.vtp'.
[2025-01-06 20:04:26.164] [warning] Couldn't find file 'radius_rv.vtp'.
[2025-01-06 20:04:26.164] [warning] Couldn't find file 'pisiform_rvs.vtp'.
[2025-01-06 20:04:26.164] [warning] Couldn't find file 'lunate_rvs.vtp'.
[2025-01-06 20:04:26.164] [warning] Couldn't find file 'scaphoid_rvs.vtp'.
[2025-01-06 20:04:26.164] [warning] Couldn't find file 'triquetrum_rvs.vtp'.
[2025-01-06 20:04:26.165] [warning] Couldn't find file 'hamate_rvs.vtp'.
[2025-01-06 20:04:26.165] [warning] Couldn't find file 'capitate_rvs.vtp'.
[2025-01-06 20:04:26.165] [warning] Couldn't find file 'trapezoid_rvs.vtp'.
[2025-01-06 20:04:26.165] [warning] Couldn't find file 'trapezium_rvs.vtp'.
[2025-01-06 20:04:26.165] [warning] Couldn't find file 'metacarpal2_rvs.vtp'.
[2025-01-06 20:04:26.166] [warning] Couldn't find file 'index_proximal_rvs.vtp'.
[2025-01-06 20:04:26.166] [warning] Couldn't find file 'index_medial_rvs.vtp'.
[2025-01-06 20:04:26.166] [warning] Couldn't find file 'index_distal_rvs.vtp'.
[2025-01-06 20:04:26.166] [warning] Couldn't find file 'metacarpal3_rvs.vtp'.
[2025-01-06 20:04:26.166] [warning] Couldn't find file 'middle_proximal_rvs.vtp'.
[2025-01-06 20:04:26.166] [warning] Couldn't find file 'middle_medial_rvs.vtp'.
[2025-01-06 20:04:26.166] [warning] Couldn't find file 'middle_distal_rvs.vtp'.
[2025-01-06 20:04:26.167] [warning] Couldn't find file 'metacarpal4_rvs.vtp'.
[2025-01-06 20:04:26.167] [warning] Couldn't find file 'ring_proximal_rvs.vtp'.
[2025-01-06 20:04:26.167] [warning] Couldn't find file 'ring_medial_rvs.vtp'.
[2025-01-06 20:04:26.167] [warning] Couldn't find file 'ring_distal_rvs.vtp'.
[2025-01-06 20:04:26.167] [warning] Couldn't find file 'metacarpal5_rvs.vtp'.
[2025-01-06 20:04:26.168] [warning] Couldn't find file 'little_proximal_rvs.vtp'.
[2025-01-06 20:04:26.168] [warning] Couldn't find file 'little_medial_rvs.vtp'.
[2025-01-06 20:04:26.168] [warning] Couldn't find file 'little_distal_rvs.vtp'.
[2025-01-06 20:04:26.168] [warning] Couldn't find file 'metacarpal1_rvs.vtp'.
[2025-01-06 20:04:26.168] [warning] Couldn't find file 'thumb_proximal_rvs.vtp'.
[2025-01-06 20:04:26.168] [warning] Couldn't find file 'thumb_distal_rvs.vtp'.
[2025-01-06 20:04:26.169] [warning] Couldn't find file 'humerus_lv.vtp'.
[2025-01-06 20:04:26.169] [warning] Couldn't find file 'ulna_lv.vtp'.
[2025-01-06 20:04:26.169] [warning] Couldn't find file 'radius_lv.vtp'.
[2025-01-06 20:04:26.169] [warning] Couldn't find file 'pisiform_lvs.vtp'.
[2025-01-06 20:04:26.169] [warning] Couldn't find file 'lunate_lvs.vtp'.
[2025-01-06 20:04:26.169] [warning] Couldn't find file 'scaphoid_lvs.vtp'.
[2025-01-06 20:04:26.170] [warning] Couldn't find file 'triquetrum_lvs.vtp'.
[2025-01-06 20:04:26.170] [warning] Couldn't find file 'hamate_lvs.vtp'.
[2025-01-06 20:04:26.170] [warning] Couldn't find file 'capitate_lvs.vtp'.
[2025-01-06 20:04:26.170] [warning] Couldn't find file 'trapezoid_lvs.vtp'.
[2025-01-06 20:04:26.170] [warning] Couldn't find file 'trapezium_lvs.vtp'.
[2025-01-06 20:04:26.171] [warning] Couldn't find file 'metacarpal2_lvs.vtp'.
[2025-01-06 20:04:26.171] [warning] Couldn't find file 'index_proximal_lvs.vtp'.
[2025-01-06 20:04:26.171] [warning] Couldn't find file 'index_medial_lvs.vtp'.
[2025-01-06 20:04:26.171] [warning] Couldn't find file 'index_distal_lvs.vtp'.
[2025-01-06 20:04:26.171] [warning] Couldn't find file 'metacarpal3_lvs.vtp'.
[2025-01-06 20:04:26.172] [warning] Couldn't find file 'middle_proximal_lvs.vtp'.
[2025-01-06 20:04:26.172] [warning] Couldn't find file 'middle_medial_lvs.vtp'.
[2025-01-06 20:04:26.172] [warning] Couldn't find file 'middle_distal_lvs.vtp'.
[2025-01-06 20:04:26.172] [warning] Couldn't find file 'metacarpal4_lvs.vtp'.
[2025-01-06 20:04:26.173] [warning] Couldn't find file 'ring_proximal_lvs.vtp'.
[2025-01-06 20:04:26.173] [warning] Couldn't find file 'ring_medial_lvs.vtp'.
[2025-01-06 20:04:26.173] [warning] Couldn't find file 'ring_distal_lvs.vtp'.
[2025-01-06 20:04:26.173] [warning] Couldn't find file 'metacarpal5_lvs.vtp'.
[2025-01-06 20:04:26.173] [warning] Couldn't find file 'little_proximal_lvs.vtp'.
[2025-01-06 20:04:26.173] [warning] Couldn't find file 'little_medial_lvs.vtp'.
[2025-01-06 20:04:26.174] [warning] Couldn't find file 'little_distal_lvs.vtp'.
[2025-01-06 20:04:26.174] [warning] Couldn't find file 'metacarpal1_lvs.vtp'.
[2025-01-06 20:04:26.174] [warning] Couldn't find file 'thumb_proximal_lvs.vtp'.
[2025-01-06 20:04:26.174] [warning] Couldn't find file 'thumb_distal_lvs.vtp'.
[2025-01-06 20:04:26.190] [info] No external loads will be applied (external loads file not specified).
[2025-01-06 20:04:26.206] [info] Loading coordinates from file 'C:/Users/5W555A/Desktop/GRF/test data/Demo_SinglePerson_0-100_filt_butterworth.mot'.
[2025-01-06 20:04:26.206] [info] Storage: read data file = C:/Users/5W555A/Desktop/GRF/test data/Demo_SinglePerson_0-100_filt_butterworth.mot (nr=100 nc=63)
[2025-01-06 20:04:26.209] [info] Low-pass filtering coordinates data with a cutoff frequency of 8.0...
[2025-01-06 20:04:32.041] [info] Found 200 state vectors with time stamps ranging from -0.833333 to 2.48333.
[2025-01-06 20:04:32.042] [info] Executing the analyses from -3.3e-07 to 1.65...
[2025-01-06 20:04:34.878] [info] Printing results of investigation  to C:/Users/5W555A/Desktop/GRF/test data\BK
